<?xml version="1.0" encoding="UTF-8"?>
<!-- Generated by org.testng.reporters.JUnitReportReporter -->
<testsuite hostname="iOSAutomations-Mac-mini.local" failures="0" tests="2" name="Test01Get" time="3.736" errors="0" timestamp="2022-10-02T17:54:17 IST" skipped="0">
  <testcase classname="Test01Get" name="test_01" time="2.437"/>
  <system-out/>
  <testcase classname="Test01Get" name="test_02" time="1.299"/>
  <system-out/>
</testsuite> <!-- Test01Get -->
